<?xml version="1.0" encoding="UTF-8"?>
<testng-results skipped="0" failed="1" ignored="0" total="26" passed="25">
  <reporter-output>
  </reporter-output>
  <suite name="EmployeesRestAPISuite" duration-ms="29958" started-at="2019-12-31T10:44:02 EST" finished-at="2019-12-31T10:44:32 EST">
    <groups>
    </groups>
    <test name="EmployeesRestAPITest" duration-ms="29958" started-at="2019-12-31T10:44:02 EST" finished-at="2019-12-31T10:44:32 EST">
      <class name="com.userapi.testCases.TC002_GET__Single_Employee_Record">
        <test-method status="PASS" signature="setup()[pri:0, instance:com.userapi.testCases.TC002_GET__Single_Employee_Record@4bbfb90a]" name="setup" is-config="true" duration-ms="28" started-at="2019-12-31T10:44:18 EST" finished-at="2019-12-31T10:44:18 EST">
          <reporter-output>
          </reporter-output>
        </test-method> <!-- setup -->
        <test-method status="PASS" signature="getAllEmployee()[pri:0, instance:com.userapi.testCases.TC002_GET__Single_Employee_Record@4bbfb90a]" name="getAllEmployee" is-config="true" duration-ms="3517" started-at="2019-12-31T10:44:18 EST" finished-at="2019-12-31T10:44:21 EST">
          <reporter-output>
          </reporter-output>
        </test-method> <!-- getAllEmployee -->
        <test-method status="PASS" signature="checkContentType()[pri:0, instance:com.userapi.testCases.TC002_GET__Single_Employee_Record@4bbfb90a]" name="checkContentType" duration-ms="11" started-at="2019-12-31T10:44:21 EST" finished-at="2019-12-31T10:44:21 EST">
          <reporter-output>
          </reporter-output>
        </test-method> <!-- checkContentType -->
        <test-method status="PASS" signature="checkRespondTime()[pri:0, instance:com.userapi.testCases.TC002_GET__Single_Employee_Record@4bbfb90a]" name="checkRespondTime" duration-ms="6" started-at="2019-12-31T10:44:21 EST" finished-at="2019-12-31T10:44:21 EST">
          <reporter-output>
          </reporter-output>
        </test-method> <!-- checkRespondTime -->
        <test-method status="FAIL" signature="checkResponseBody()[pri:0, instance:com.userapi.testCases.TC002_GET__Single_Employee_Record@4bbfb90a]" name="checkResponseBody" duration-ms="16" started-at="2019-12-31T10:44:21 EST" finished-at="2019-12-31T10:44:21 EST">
          <exception class="java.lang.AssertionError">
            <message>
              <![CDATA[expected [true] but found [false]]]>
            </message>
            <full-stacktrace>
              <![CDATA[java.lang.AssertionError: expected [true] but found [false]
at org.testng.Assert.fail(Assert.java:97)
at org.testng.Assert.assertEqualsImpl(Assert.java:136)
at org.testng.Assert.assertEquals(Assert.java:118)
at org.testng.Assert.assertEquals(Assert.java:751)
at org.testng.Assert.assertEquals(Assert.java:761)
at com.userapi.testCases.TC002_GET__Single_Employee_Record.checkResponseBody(TC002_GET__Single_Employee_Record.java:28)
at sun.reflect.NativeMethodAccessorImpl.invoke0(Native Method)
at sun.reflect.NativeMethodAccessorImpl.invoke(NativeMethodAccessorImpl.java:62)
at sun.reflect.DelegatingMethodAccessorImpl.invoke(DelegatingMethodAccessorImpl.java:43)
at java.lang.reflect.Method.invoke(Method.java:498)
at org.testng.internal.MethodInvocationHelper.invokeMethod(MethodInvocationHelper.java:133)
at org.testng.internal.TestInvoker.invokeMethod(TestInvoker.java:584)
at org.testng.internal.TestInvoker.invokeTestMethod(TestInvoker.java:172)
at org.testng.internal.MethodRunner.runInSequence(MethodRunner.java:46)
at org.testng.internal.TestInvoker$MethodInvocationAgent.invoke(TestInvoker.java:804)
at org.testng.internal.TestInvoker.invokeTestMethods(TestInvoker.java:145)
at org.testng.internal.TestMethodWorker.invokeTestMethods(TestMethodWorker.java:146)
at org.testng.internal.TestMethodWorker.run(TestMethodWorker.java:128)
at java.util.ArrayList.forEach(ArrayList.java:1255)
at org.testng.TestRunner.privateRun(TestRunner.java:770)
at org.testng.TestRunner.run(TestRunner.java:591)
at org.testng.SuiteRunner.runTest(SuiteRunner.java:402)
at org.testng.SuiteRunner.runSequentially(SuiteRunner.java:396)
at org.testng.SuiteRunner.privateRun(SuiteRunner.java:355)
at org.testng.SuiteRunner.run(SuiteRunner.java:304)
at org.testng.SuiteRunnerWorker.runSuite(SuiteRunnerWorker.java:53)
at org.testng.SuiteRunnerWorker.run(SuiteRunnerWorker.java:96)
at org.testng.TestNG.runSuitesSequentially(TestNG.java:1180)
at org.testng.TestNG.runSuitesLocally(TestNG.java:1102)
at org.testng.TestNG.runSuites(TestNG.java:1032)
at org.testng.TestNG.run(TestNG.java:1000)
at org.testng.remote.AbstractRemoteTestNG.run(AbstractRemoteTestNG.java:115)
at org.testng.remote.RemoteTestNG.initAndRun(RemoteTestNG.java:251)
at org.testng.remote.RemoteTestNG.main(RemoteTestNG.java:77)
]]>
            </full-stacktrace>
          </exception> <!-- java.lang.AssertionError -->
          <reporter-output>
          </reporter-output>
        </test-method> <!-- checkResponseBody -->
        <test-method status="PASS" signature="checkSContentLength()[pri:0, instance:com.userapi.testCases.TC002_GET__Single_Employee_Record@4bbfb90a]" name="checkSContentLength" duration-ms="11" started-at="2019-12-31T10:44:21 EST" finished-at="2019-12-31T10:44:21 EST">
          <reporter-output>
          </reporter-output>
        </test-method> <!-- checkSContentLength -->
        <test-method status="PASS" signature="checkServerType()[pri:0, instance:com.userapi.testCases.TC002_GET__Single_Employee_Record@4bbfb90a]" name="checkServerType" duration-ms="20" started-at="2019-12-31T10:44:21 EST" finished-at="2019-12-31T10:44:21 EST">
          <reporter-output>
          </reporter-output>
        </test-method> <!-- checkServerType -->
        <test-method status="PASS" signature="checkStatusCode()[pri:0, instance:com.userapi.testCases.TC002_GET__Single_Employee_Record@4bbfb90a]" name="checkStatusCode" duration-ms="8" started-at="2019-12-31T10:44:21 EST" finished-at="2019-12-31T10:44:21 EST">
          <reporter-output>
          </reporter-output>
        </test-method> <!-- checkStatusCode -->
        <test-method status="PASS" signature="checkStatusLine()[pri:0, instance:com.userapi.testCases.TC002_GET__Single_Employee_Record@4bbfb90a]" name="checkStatusLine" duration-ms="4" started-at="2019-12-31T10:44:21 EST" finished-at="2019-12-31T10:44:21 EST">
          <reporter-output>
          </reporter-output>
        </test-method> <!-- checkStatusLine -->
        <test-method status="PASS" signature="tearDown()[pri:0, instance:com.userapi.testCases.TC002_GET__Single_Employee_Record@4bbfb90a]" name="tearDown" is-config="true" duration-ms="7" started-at="2019-12-31T10:44:21 EST" finished-at="2019-12-31T10:44:21 EST">
          <reporter-output>
          </reporter-output>
        </test-method> <!-- tearDown -->
      </class> <!-- com.userapi.testCases.TC002_GET__Single_Employee_Record -->
      <class name="com.userapi.testCases.TC003_POST_Employee_Record">
        <test-method status="PASS" signature="setup()[pri:0, instance:com.userapi.testCases.TC003_POST_Employee_Record@7c29daf3]" name="setup" is-config="true" duration-ms="17" started-at="2019-12-31T10:44:21 EST" finished-at="2019-12-31T10:44:21 EST">
          <reporter-output>
          </reporter-output>
        </test-method> <!-- setup -->
        <test-method status="PASS" signature="createEmployee()[pri:0, instance:com.userapi.testCases.TC003_POST_Employee_Record@7c29daf3]" name="createEmployee" is-config="true" duration-ms="5529" started-at="2019-12-31T10:44:21 EST" finished-at="2019-12-31T10:44:27 EST">
          <reporter-output>
          </reporter-output>
        </test-method> <!-- createEmployee -->
        <test-method status="PASS" signature="checkContentType()[pri:0, instance:com.userapi.testCases.TC003_POST_Employee_Record@7c29daf3]" name="checkContentType" duration-ms="2" started-at="2019-12-31T10:44:27 EST" finished-at="2019-12-31T10:44:27 EST">
          <reporter-output>
          </reporter-output>
        </test-method> <!-- checkContentType -->
        <test-method status="PASS" signature="checkResposeBody()[pri:0, instance:com.userapi.testCases.TC003_POST_Employee_Record@7c29daf3]" name="checkResposeBody" duration-ms="4" started-at="2019-12-31T10:44:27 EST" finished-at="2019-12-31T10:44:27 EST">
          <reporter-output>
          </reporter-output>
        </test-method> <!-- checkResposeBody -->
        <test-method status="PASS" signature="checkStatusCode()[pri:0, instance:com.userapi.testCases.TC003_POST_Employee_Record@7c29daf3]" name="checkStatusCode" duration-ms="4" started-at="2019-12-31T10:44:27 EST" finished-at="2019-12-31T10:44:27 EST">
          <reporter-output>
          </reporter-output>
        </test-method> <!-- checkStatusCode -->
        <test-method status="PASS" signature="checkstatusLine()[pri:0, instance:com.userapi.testCases.TC003_POST_Employee_Record@7c29daf3]" name="checkstatusLine" duration-ms="4" started-at="2019-12-31T10:44:27 EST" finished-at="2019-12-31T10:44:27 EST">
          <reporter-output>
          </reporter-output>
        </test-method> <!-- checkstatusLine -->
      </class> <!-- com.userapi.testCases.TC003_POST_Employee_Record -->
      <class name="com.userapi.testCases.TC001_GET_All_Employees">
        <test-method status="PASS" signature="setup()[pri:0, instance:com.userapi.testCases.TC001_GET_All_Employees@7494e528]" name="setup" is-config="true" duration-ms="730" started-at="2019-12-31T10:44:03 EST" finished-at="2019-12-31T10:44:04 EST">
          <reporter-output>
          </reporter-output>
        </test-method> <!-- setup -->
        <test-method status="PASS" signature="getAllEmployees()[pri:0, instance:com.userapi.testCases.TC001_GET_All_Employees@7494e528]" name="getAllEmployees" is-config="true" duration-ms="13507" started-at="2019-12-31T10:44:04 EST" finished-at="2019-12-31T10:44:17 EST">
          <reporter-output>
          </reporter-output>
        </test-method> <!-- getAllEmployees -->
        <test-method status="PASS" signature="checkContentType()[pri:0, instance:com.userapi.testCases.TC001_GET_All_Employees@7494e528]" name="checkContentType" duration-ms="19" started-at="2019-12-31T10:44:17 EST" finished-at="2019-12-31T10:44:17 EST">
          <reporter-output>
          </reporter-output>
        </test-method> <!-- checkContentType -->
        <test-method status="PASS" signature="checkCookies()[pri:0, instance:com.userapi.testCases.TC001_GET_All_Employees@7494e528]" name="checkCookies" duration-ms="12" started-at="2019-12-31T10:44:17 EST" finished-at="2019-12-31T10:44:17 EST">
          <reporter-output>
          </reporter-output>
        </test-method> <!-- checkCookies -->
        <test-method status="PASS" signature="checkRespondTime()[pri:0, instance:com.userapi.testCases.TC001_GET_All_Employees@7494e528]" name="checkRespondTime" duration-ms="35" started-at="2019-12-31T10:44:17 EST" finished-at="2019-12-31T10:44:17 EST">
          <reporter-output>
          </reporter-output>
        </test-method> <!-- checkRespondTime -->
        <test-method status="PASS" signature="checkResponseBody()[pri:0, instance:com.userapi.testCases.TC001_GET_All_Employees@7494e528]" name="checkResponseBody" duration-ms="84" started-at="2019-12-31T10:44:17 EST" finished-at="2019-12-31T10:44:17 EST">
          <reporter-output>
          </reporter-output>
        </test-method> <!-- checkResponseBody -->
        <test-method status="PASS" signature="checkSContentEncoding()[pri:0, instance:com.userapi.testCases.TC001_GET_All_Employees@7494e528]" name="checkSContentEncoding" duration-ms="8" started-at="2019-12-31T10:44:17 EST" finished-at="2019-12-31T10:44:17 EST">
          <reporter-output>
          </reporter-output>
        </test-method> <!-- checkSContentEncoding -->
        <test-method status="PASS" signature="checkSContentLength()[pri:0, instance:com.userapi.testCases.TC001_GET_All_Employees@7494e528]" name="checkSContentLength" duration-ms="37" started-at="2019-12-31T10:44:17 EST" finished-at="2019-12-31T10:44:17 EST">
          <reporter-output>
          </reporter-output>
        </test-method> <!-- checkSContentLength -->
        <test-method status="PASS" signature="checkServerType()[pri:0, instance:com.userapi.testCases.TC001_GET_All_Employees@7494e528]" name="checkServerType" duration-ms="20" started-at="2019-12-31T10:44:17 EST" finished-at="2019-12-31T10:44:17 EST">
          <reporter-output>
          </reporter-output>
        </test-method> <!-- checkServerType -->
        <test-method status="PASS" signature="checkStatusCode()[pri:0, instance:com.userapi.testCases.TC001_GET_All_Employees@7494e528]" name="checkStatusCode" duration-ms="7" started-at="2019-12-31T10:44:18 EST" finished-at="2019-12-31T10:44:18 EST">
          <reporter-output>
          </reporter-output>
        </test-method> <!-- checkStatusCode -->
        <test-method status="PASS" signature="checkStatusLine()[pri:0, instance:com.userapi.testCases.TC001_GET_All_Employees@7494e528]" name="checkStatusLine" duration-ms="29" started-at="2019-12-31T10:44:18 EST" finished-at="2019-12-31T10:44:18 EST">
          <reporter-output>
          </reporter-output>
        </test-method> <!-- checkStatusLine -->
        <test-method status="PASS" signature="tearDown()[pri:0, instance:com.userapi.testCases.TC001_GET_All_Employees@7494e528]" name="tearDown" is-config="true" duration-ms="1" started-at="2019-12-31T10:44:18 EST" finished-at="2019-12-31T10:44:18 EST">
          <reporter-output>
          </reporter-output>
        </test-method> <!-- tearDown -->
      </class> <!-- com.userapi.testCases.TC001_GET_All_Employees -->
      <class name="com.userapi.testCases.TC004_PUT_Employee_Record">
        <test-method status="PASS" signature="setup()[pri:0, instance:com.userapi.testCases.TC004_PUT_Employee_Record@9660f4e]" name="setup" is-config="true" duration-ms="27" started-at="2019-12-31T10:44:27 EST" finished-at="2019-12-31T10:44:27 EST">
          <reporter-output>
          </reporter-output>
        </test-method> <!-- setup -->
        <test-method status="PASS" signature="createEmployee()[pri:0, instance:com.userapi.testCases.TC004_PUT_Employee_Record@9660f4e]" name="createEmployee" is-config="true" duration-ms="5420" started-at="2019-12-31T10:44:27 EST" finished-at="2019-12-31T10:44:32 EST">
          <reporter-output>
          </reporter-output>
        </test-method> <!-- createEmployee -->
        <test-method status="PASS" signature="checkContentType()[pri:0, instance:com.userapi.testCases.TC004_PUT_Employee_Record@9660f4e]" name="checkContentType" duration-ms="3" started-at="2019-12-31T10:44:32 EST" finished-at="2019-12-31T10:44:32 EST">
          <reporter-output>
          </reporter-output>
        </test-method> <!-- checkContentType -->
        <test-method status="PASS" signature="checkResposeBody()[pri:0, instance:com.userapi.testCases.TC004_PUT_Employee_Record@9660f4e]" name="checkResposeBody" duration-ms="6" started-at="2019-12-31T10:44:32 EST" finished-at="2019-12-31T10:44:32 EST">
          <reporter-output>
          </reporter-output>
        </test-method> <!-- checkResposeBody -->
        <test-method status="PASS" signature="checkStatusCode()[pri:0, instance:com.userapi.testCases.TC004_PUT_Employee_Record@9660f4e]" name="checkStatusCode" duration-ms="4" started-at="2019-12-31T10:44:32 EST" finished-at="2019-12-31T10:44:32 EST">
          <reporter-output>
          </reporter-output>
        </test-method> <!-- checkStatusCode -->
        <test-method status="PASS" signature="checkcontentEncoding()[pri:0, instance:com.userapi.testCases.TC004_PUT_Employee_Record@9660f4e]" name="checkcontentEncoding" duration-ms="39" started-at="2019-12-31T10:44:32 EST" finished-at="2019-12-31T10:44:32 EST">
          <reporter-output>
          </reporter-output>
        </test-method> <!-- checkcontentEncoding -->
        <test-method status="PASS" signature="checkserverType()[pri:0, instance:com.userapi.testCases.TC004_PUT_Employee_Record@9660f4e]" name="checkserverType" duration-ms="6" started-at="2019-12-31T10:44:32 EST" finished-at="2019-12-31T10:44:32 EST">
          <reporter-output>
          </reporter-output>
        </test-method> <!-- checkserverType -->
        <test-method status="PASS" signature="checkstatusLine()[pri:0, instance:com.userapi.testCases.TC004_PUT_Employee_Record@9660f4e]" name="checkstatusLine" duration-ms="2" started-at="2019-12-31T10:44:32 EST" finished-at="2019-12-31T10:44:32 EST">
          <reporter-output>
          </reporter-output>
        </test-method> <!-- checkstatusLine -->
        <test-method status="PASS" signature="tearDown()[pri:0, instance:com.userapi.testCases.TC004_PUT_Employee_Record@9660f4e]" name="tearDown" is-config="true" duration-ms="1" started-at="2019-12-31T10:44:32 EST" finished-at="2019-12-31T10:44:32 EST">
          <reporter-output>
          </reporter-output>
        </test-method> <!-- tearDown -->
      </class> <!-- com.userapi.testCases.TC004_PUT_Employee_Record -->
    </test> <!-- EmployeesRestAPITest -->
  </suite> <!-- EmployeesRestAPISuite -->
</testng-results>
