<?xml version="1.0" encoding="UTF-8"?>
<!-- Generated by org.testng.reporters.JUnitXMLReporter -->
<testsuite hostname="Golam-PC2" ignored="0" name="EmployeesRestAPITest" tests="26" failures="1" timestamp="2019-12-31T10:44:33 EST" time="29.958" errors="0">
  <testcase name="checkContentType" time="0.019" classname="com.userapi.testCases.TC001_GET_All_Employees"/>
  <testcase name="checkCookies" time="0.012" classname="com.userapi.testCases.TC001_GET_All_Employees"/>
  <testcase name="checkRespondTime" time="0.035" classname="com.userapi.testCases.TC001_GET_All_Employees"/>
  <testcase name="checkResponseBody" time="0.084" classname="com.userapi.testCases.TC001_GET_All_Employees"/>
  <testcase name="checkSContentEncoding" time="0.008" classname="com.userapi.testCases.TC001_GET_All_Employees"/>
  <testcase name="checkSContentLength" time="0.037" classname="com.userapi.testCases.TC001_GET_All_Employees"/>
  <testcase name="checkServerType" time="0.02" classname="com.userapi.testCases.TC001_GET_All_Employees"/>
  <testcase name="checkStatusCode" time="0.007" classname="com.userapi.testCases.TC001_GET_All_Employees"/>
  <testcase name="checkStatusLine" time="0.029" classname="com.userapi.testCases.TC001_GET_All_Employees"/>
  <testcase name="checkContentType" time="0.011" classname="com.userapi.testCases.TC002_GET__Single_Employee_Record"/>
  <testcase name="checkRespondTime" time="0.006" classname="com.userapi.testCases.TC002_GET__Single_Employee_Record"/>
  <testcase name="checkResponseBody" time="0.016" classname="com.userapi.testCases.TC002_GET__Single_Employee_Record">
    <failure type="java.lang.AssertionError" message="expected [true] but found [false]">
      <![CDATA[java.lang.AssertionError: expected [true] but found [false]
at com.userapi.testCases.TC002_GET__Single_Employee_Record.checkResponseBody(TC002_GET__Single_Employee_Record.java:28)
at java.util.ArrayList.forEach(ArrayList.java:1255)
... Removed 32 stack frames]]>
    </failure>
  </testcase> <!-- checkResponseBody -->
  <testcase name="checkSContentLength" time="0.011" classname="com.userapi.testCases.TC002_GET__Single_Employee_Record"/>
  <testcase name="checkServerType" time="0.02" classname="com.userapi.testCases.TC002_GET__Single_Employee_Record"/>
  <testcase name="checkStatusCode" time="0.008" classname="com.userapi.testCases.TC002_GET__Single_Employee_Record"/>
  <testcase name="checkStatusLine" time="0.004" classname="com.userapi.testCases.TC002_GET__Single_Employee_Record"/>
  <testcase name="checkContentType" time="0.002" classname="com.userapi.testCases.TC003_POST_Employee_Record"/>
  <testcase name="checkResposeBody" time="0.004" classname="com.userapi.testCases.TC003_POST_Employee_Record"/>
  <testcase name="checkStatusCode" time="0.004" classname="com.userapi.testCases.TC003_POST_Employee_Record"/>
  <testcase name="checkstatusLine" time="0.004" classname="com.userapi.testCases.TC003_POST_Employee_Record"/>
  <testcase name="checkContentType" time="0.003" classname="com.userapi.testCases.TC004_PUT_Employee_Record"/>
  <testcase name="checkResposeBody" time="0.006" classname="com.userapi.testCases.TC004_PUT_Employee_Record"/>
  <testcase name="checkStatusCode" time="0.004" classname="com.userapi.testCases.TC004_PUT_Employee_Record"/>
  <testcase name="checkcontentEncoding" time="0.039" classname="com.userapi.testCases.TC004_PUT_Employee_Record"/>
  <testcase name="checkserverType" time="0.006" classname="com.userapi.testCases.TC004_PUT_Employee_Record"/>
  <testcase name="checkstatusLine" time="0.002" classname="com.userapi.testCases.TC004_PUT_Employee_Record"/>
</testsuite> <!-- EmployeesRestAPITest -->
